INFO:root:Мой список получился такой: [9, 2, 3, 8, 6, 3, 0, 1, 0, 7]
DEBUG:root:Список счастливых номеров сгенерированных функцией: [5, 1, 0, 6, 3, 5, 9, 11, 18, 12]
INFO:root:Совпавшие числа: [1, 0, 0, 6, 3, 3, 9]
INFO:root:Мой список получился такой: [4, 8, 1, 2, 5, 5, 2, 0, 9, 8]
DEBUG:root:Список счастливых номеров сгенерированных функцией: [8, 10, 7, 12, 3, 10, 14, 0, 16, 12]
INFO:root:Совпавшие числа: [8, 8, 0]
INFO:root:Мой список получился такой: [5, 5, 9, 7, 6, 2, 3, 5, 8, 4]
DEBUG:root:Список счастливых номеров сгенерированных функцией: [12, 5, 10, 8, 9, 14, 18, 15, 8, 1]
INFO:root:Совпавшие числа: [5, 5, 5, 8, 9, 8]
INFO:root:Мой список получился такой: [4, 1, 1, 6, 4, 0, 7, 4, 0, 9]
DEBUG:root:Список счастливых номеров сгенерированных функцией: [8, 7, 12, 17, 5, 8, 5, 15, 8, 15]
INFO:root:Совпавшие числа: [7]
INFO:root:Мой список получился такой: [1, 1, 8, 2, 4, 9, 5, 5, 2, 4]
DEBUG:root:Список счастливых номеров сгенерированных функцией: [7, 8, 10, 17, 16, 10, 5, 7, -1, 18]
INFO:root:Совпавшие числа: [8, 5, 5]
INFO:root:Мой список получился такой: [5, 2, 2, 6, 2, 5, 1, 0, 6, 5]
DEBUG:root:Список счастливых номеров сгенерированных функцией: [10, 5, 3, 7, 12, 8, 12, 10, 5, 12]
INFO:root:Совпавшие числа: [5, 5, 5, 5, 5, 5]
INFO:root:Мой список получился такой: [1, 5, 6, 5, 8, 4, 7, 1, 0, 1]
DEBUG:root:Список счастливых номеров сгенерированных функцией: [2, 6, 1, 13, 14, 3, 10, 0, 4, 14]
INFO:root:Совпавшие числа: [6, 1, 1, 1, 0, 4]
INFO:root:Мой список получился такой: [3, 3, 8, 8, 1, 1, 9, 6, 5, 9]
DEBUG:root:Список счастливых номеров сгенерированных функцией: [11, 13, 2, 7, 3, 8, 12, 0, -1, 3]
INFO:root:Совпавшие числа: [3, 3, 8, 8, 3, 3]
INFO:root:Мой список получился такой: [3, 1, 6, 6, 0, 5, 8, 0, 9, 9]
DEBUG:root:Список счастливых номеров сгенерированных функцией: [14, 3, 11, 16, 13, 6, 16, 8, 6, 4]
INFO:root:Совпавшие числа: [3, 6, 6, 8, 6, 6]
INFO:root:Мой список получился такой: [3, 9, 4, 4, 8, 3, 6, 3, 1, 7]
DEBUG:root:Список счастливых номеров сгенерированных функцией: [15, 10, 15, 11, 18, 12, 11, 11, 8, 8]
INFO:root:Совпавшие числа: [8, 8]
INFO:root:Мой список получился такой: [2, 1, 1, 4, 3, 4, 9, 8, 5, 8]
DEBUG:root:Список счастливых номеров сгенерированных функцией: [9, 17, 17, 6, 6, 18, -1, 11, 17, 17]
INFO:root:Совпавшие числа: [9]
INFO:root:Мой список получился такой: [9, 4, 8, 5, 2, 0, 8, 0, 4, 7]
DEBUG:root:Список счастливых номеров сгенерированных функцией: [11, 17, 16, 15, 5, 9, 5, 8, 17, 0]
INFO:root:Совпавшие числа: [5, 9, 5, 8, 8, 0, 0]
INFO:root:Мой список получился такой: [5, 5, 5, 6, 6, 6, 3, 3, 4, 2]
DEBUG:root:Список счастливых номеров сгенерированных функцией: [10, 1, 7, 11, 10, 3, 4, 7, 9, 5]
INFO:root:Совпавшие числа: [3, 3, 4, 5, 5, 5]
INFO:root:Мой список получился такой: [5, 5, 7, 4, 3, 2, 6, 5, 5, 1]
DEBUG:root:Список счастливых номеров сгенерированных функцией: [4, 12, 9, 11, 13, 12, 4, 14, 14, 5]
INFO:root:Совпавшие числа: [4, 4, 5, 5, 5, 5]
INFO:root:Мой список получился такой: [7, 5, 6, 2, 8, 8, 0, 8, 0, 4]
DEBUG:root:Список счастливых номеров сгенерированных функцией: [13, 8, 7, 13, 12, 8, 5, 2, 4, 7]
INFO:root:Совпавшие числа: [8, 8, 8, 7, 8, 8, 8, 5, 2, 4, 7]
INFO:root:Мой список получился такой: [5, 4, 1, 9, 2, 4, 5, 7, 3, 7]
DEBUG:root:Список счастливых номеров сгенерированных функцией: [13, 16, 3, -1, 0, 9, 0, 2, 5, 10]
INFO:root:Совпавшие числа: [3, 9, 2, 5, 5]
INFO:root:Мой список получился такой: [0, 9, 8, 3, 7, 3, 7, 6, 5, 2]
DEBUG:root:Список счастливых номеров сгенерированных функцией: [16, 12, 14, 17, 15, 7, 13, 4, 9, 10]
INFO:root:Совпавшие числа: [7, 7, 9]
INFO:root:Мой список получился такой: [8, 4, 8, 8, 9, 0, 3, 7, 0, 9]
DEBUG:root:Список счастливых номеров сгенерированных функцией: [11, 4, 18, 14, 17, 9, 0, 4, 17, 1]
INFO:root:Совпавшие числа: [4, 9, 9, 0, 0, 4]
INFO:root:Мой список получился такой: [5, 4, 3, 5, 6, 6, 4, 2, 4, 0]
DEBUG:root:Список счастливых номеров сгенерированных функцией: [12, 12, 10, 4, 10, 11, 2, 3, 11, 0]
INFO:root:Совпавшие числа: [4, 4, 4, 2, 3, 0]
INFO:root:Мой список получился такой: [2, 2, 6, 3, 1, 3, 4, 6, 8, 9]
DEBUG:root:Список счастливых номеров сгенерированных функцией: [11, -1, 4, 6, 13, 0, 12, 9, 0, 6]
INFO:root:Совпавшие числа: [4, 6, 6, 9, 6, 6]
INFO:root:Мой список получился такой: [4, 2, 2, 8, 9, 6, 6, 9, 1, 6]
DEBUG:root:Список счастливых номеров сгенерированных функцией: [12, 13, 7, 4, -1, 8, 14, 2, 16, 17]
INFO:root:Совпавшие числа: [4, 8, 2, 2]
INFO:root:Мой список получился такой: [9, 3, 9, 1, 7, 8, 0, 8, 6, 7]
DEBUG:root:Список счастливых номеров сгенерированных функцией: [11, 7, 14, 7, 2, 0, 7, 12, 13, 3]
INFO:root:Совпавшие числа: [7, 7, 7, 7, 0, 7, 7, 3]
INFO:root:Мой список получился такой: [5, 5, 8, 6, 6, 6, 8, 2, 4, 2]
DEBUG:root:Список счастливых номеров сгенерированных функцией: [5, 6, 10, 7, 13, 10, 2, -1, 15, 16]
INFO:root:Совпавшие числа: [5, 5, 6, 6, 6, 2, 2]
INFO:root:Мой список получился такой: [7, 5, 8, 1, 5, 1, 2, 9, 8, 1]
DEBUG:root:Список счастливых номеров сгенерированных функцией: [14, 6, 7, 4, 12, 5, 7, 6, 7, 6]
INFO:root:Совпавшие числа: [7, 5, 5, 7, 7]
INFO:root:Мой список получился такой: [8, 8, 6, 6, 6, 8, 4, 4, 3, 9]
DEBUG:root:Список счастливых номеров сгенерированных функцией: [8, -2, 12, -3, 11, 5, 6, 12, 3, 1]
INFO:root:Совпавшие числа: [8, 8, 8, 6, 6, 6, 3]
INFO:root:Мой список получился такой: [3, 3, 4, 4, 3, 6, 2, 5, 8, 7]
DEBUG:root:Список счастливых номеров сгенерированных функцией: [0, 4, 12, 1, 1, 15, 14, 2, 7, 5]
INFO:root:Совпавшие числа: [4, 4, 2, 7, 5]
INFO:root:Мой список получился такой: [6, 4, 5, 3, 9, 0, 3, 4, 3, 9]
DEBUG:root:Список счастливых номеров сгенерированных функцией: [7, 17, 11, 7, 8, 16, 11, 7, 9, 13]
INFO:root:Совпавшие числа: [9, 9]
INFO:root:Мой список получился такой: [9, 6, 5, 3, 8, 8, 7, 0, 0, 3]
DEBUG:root:Список счастливых номеров сгенерированных функцией: [17, 18, 3, 7, 12, 16, 16, 17, 18, 9]
INFO:root:Совпавшие числа: [3, 3, 7, 9]
INFO:root:Мой список получился такой: [8, 5, 2, 1, 9, 9, 7, 4, 4, 9]
DEBUG:root:Список счастливых номеров сгенерированных функцией: [0, 18, 0, 10, 6, 8, 10, 16, 7, -1]
INFO:root:Совпавшие числа: [8, 7]
INFO:root:Мой список получился такой: [5, 5, 4, 1, 7, 0, 2, 8, 5, 4]
DEBUG:root:Список счастливых номеров сгенерированных функцией: [11, 2, 0, 9, 0, 12, 7, 5, 2, 11]
INFO:root:Совпавшие числа: [2, 0, 0, 7, 5, 5, 5, 2]
INFO:root:Мой список получился такой: [9, 2, 0, 8, 2, 2, 4, 9, 5, 4]
DEBUG:root:Список счастливых номеров сгенерированных функцией: [8, 5, 2, 2, 9, 7, 8, 14, 4, 14]
INFO:root:Совпавшие числа: [8, 5, 2, 2, 2, 2, 2, 2, 9, 9, 8, 4, 4]
INFO:root:Мой список получился такой: [6, 8, 4, 7, 9, 2, 9, 7, 4, 2]
DEBUG:root:Список счастливых номеров сгенерированных функцией: [10, 13, 9, 4, 11, -1, 16, 10, -2, -2]
INFO:root:Совпавшие числа: [9, 9, 4, 4]
INFO:root:Мой список получился такой: [3, 0, 3, 5, 2, 7, 8, 3, 7, 9]
DEBUG:root:Список счастливых номеров сгенерированных функцией: [2, 9, 14, 17, 16, 0, 0, 18, 13, 17]
INFO:root:Совпавшие числа: [2, 9, 0, 0]
INFO:root:Мой список получился такой: [5, 3, 7, 6, 2, 4, 5, 9, 7, 4]
DEBUG:root:Список счастливых номеров сгенерированных функцией: [1, 6, 16, 18, 14, 10, 18, 0, 3, 3]
INFO:root:Совпавшие числа: [6, 3, 3]
INFO:root:Мой список получился такой: [5, 1, 4, 3, 8, 3, 6, 0, 0, 9]
DEBUG:root:Список счастливых номеров сгенерированных функцией: [18, 2, 8, 0, 4, 11, 7, 5, 8, 11]
INFO:root:Совпавшие числа: [8, 0, 0, 4, 5, 8]
INFO:root:Мой список получился такой: [0, 4, 7, 2, 2, 2, 3, 6, 9, 0]
DEBUG:root:Список счастливых номеров сгенерированных функцией: [8, 18, 1, 17, 8, 13, 7, 5, 12, 12]
INFO:root:Совпавшие числа: [7]
INFO:root:Мой список получился такой: [7, 1, 8, 2, 4, 9, 3, 6, 4, 6]
DEBUG:root:Список счастливых номеров сгенерированных функцией: [6, 14, 15, 12, 12, 4, 14, 17, 4, 18]
INFO:root:Совпавшие числа: [6, 6, 4, 4, 4, 4]
INFO:root:Мой список получился такой: [5, 2, 4, 9, 9, 0, 8, 8, 3, 9]
DEBUG:root:Список счастливых номеров сгенерированных функцией: [12, 17, 14, 7, 2, 4, 12, 9, 0, 1]
INFO:root:Совпавшие числа: [2, 4, 9, 9, 9, 0]
INFO:root:Мой список получился такой: [0, 9, 9, 4, 0, 9, 9, 4, 5, 6]
DEBUG:root:Список счастливых номеров сгенерированных функцией: [17, 16, 5, 16, 10, 1, 18, 2, 1, 8]
INFO:root:Совпавшие числа: [5]
INFO:root:Мой список получился такой: [3, 7, 6, 9, 3, 0, 1, 6, 8, 8]
DEBUG:root:Список счастливых номеров сгенерированных функцией: [15, 4, 16, 18, 13, 2, 12, 15, 16, 17]
WARNING:root:Не удача! Совпадений нет!
ERROR:root:Совпадений нет!
Traceback (most recent call last):
  File "C:\Users\мвидео\PycharmProjects\education\Learn logging\Ex1.EasyLogging\log in file.py", line 13, in luck_numbers
    raise ValueError
ValueError
INFO:root:Совпавшие числа: []
INFO:root:Мой список получился такой: [9, 4, 5, 2, 9, 0, 3, 4, 2, 5]
DEBUG:root:Список счастливых номеров сгенерированных функцией: [16, 8, 15, 18, 10, 7, 15, 13, 0, 9]
INFO:root:Совпавшие числа: [0, 9, 9]
INFO:root:Мой список получился такой: [5, 9, 4, 4, 5, 3, 5, 3, 0, 8]
DEBUG:root:Список счастливых номеров сгенерированных функцией: [2, 5, 5, 10, 6, 18, 18, 18, 11, 2]
INFO:root:Совпавшие числа: [5, 5, 5, 5, 5, 5]
INFO:root:Мой список получился такой: [0, 7, 2, 4, 9, 8, 7, 2, 4, 0]
DEBUG:root:Список счастливых номеров сгенерированных функцией: [0, 17, 9, 7, 6, 2, 13, 0, 16, 0]
INFO:root:Совпавшие числа: [0, 0, 9, 7, 7, 2, 2, 0, 0, 0, 0]
INFO:root:Мой список получился такой: [4, 8, 6, 3, 0, 7, 0, 1, 9, 5]
DEBUG:root:Список счастливых номеров сгенерированных функцией: [18, 18, 7, 4, 3, 18, 0, 13, 18, 3]
INFO:root:Совпавшие числа: [7, 4, 3, 0, 0, 3]
INFO:root:Мой список получился такой: [3, 5, 0, 1, 9, 7, 8, 8, 9, 3]
DEBUG:root:Список счастливых номеров сгенерированных функцией: [15, 12, 8, 18, 7, 12, 7, 0, 7, 8]
INFO:root:Совпавшие числа: [8, 8, 7, 7, 0, 7, 8, 8]
INFO:root:Мой список получился такой: [4, 0, 4, 3, 0, 3, 7, 1, 6, 6]
DEBUG:root:Список счастливых номеров сгенерированных функцией: [11, 0, 11, 0, 5, 13, 13, 8, 2, 11]
INFO:root:Совпавшие числа: [0, 0, 0, 0]
INFO:root:Мой список получился такой: [2, 9, 9, 9, 2, 7, 4, 2, 8, 0]
DEBUG:root:Список счастливых номеров сгенерированных функцией: [2, 3, 12, 11, 7, 1, 8, 15, 10, 8]
INFO:root:Совпавшие числа: [2, 2, 2, 7, 8, 8]
INFO:root:Мой список получился такой: [6, 4, 4, 9, 4, 1, 5, 9, 8, 9]
DEBUG:root:Список счастливых номеров сгенерированных функцией: [1, 3, 4, 16, 15, 14, 4, 12, 3, 9]
INFO:root:Совпавшие числа: [1, 4, 4, 4, 4, 4, 4, 9, 9, 9]
INFO:root:Мой список получился такой: [1, 3, 8, 3, 7, 6, 5, 6, 0, 3]
DEBUG:root:Список счастливых номеров сгенерированных функцией: [15, 8, 4, 4, 4, 1, 3, 16, 0, 4]
INFO:root:Совпавшие числа: [8, 1, 3, 3, 3, 0]
INFO:root:Мой список получился такой: [3, 2, 0, 2, 2, 8, 3, 6, 5, 4]
DEBUG:root:Список счастливых номеров сгенерированных функцией: [7, 9, 12, 13, 11, 8, 14, 14, 16, 6]
INFO:root:Совпавшие числа: [8, 6]
INFO:root:Мой список получился такой: [9, 9, 4, 2, 7, 6, 4, 9, 8, 6]
DEBUG:root:Список счастливых номеров сгенерированных функцией: [3, 7, 4, 6, 1, 17, 0, 12, 6, 10]
INFO:root:Совпавшие числа: [7, 4, 4, 6, 6, 6, 6]
INFO:root:Мой список получился такой: [0, 4, 9, 0, 3, 2, 2, 3, 6, 3]
DEBUG:root:Список счастливых номеров сгенерированных функцией: [17, 14, 18, 15, 2, 15, 2, 16, 17, 15]
INFO:root:Совпавшие числа: [2, 2, 2, 2]
INFO:root:Мой список получился такой: [5, 3, 5, 7, 7, 8, 0, 8, 1, 6]
DEBUG:root:Список счастливых номеров сгенерированных функцией: [6, 9, 11, 12, 16, 5, 15, 4, 2, 13]
INFO:root:Совпавшие числа: [6, 5, 5]
INFO:root:Мой список получился такой: [2, 4, 5, 3, 2, 0, 2, 2, 2, 8]
DEBUG:root:Список счастливых номеров сгенерированных функцией: [10, 9, 1, 16, 14, 1, 1, 2, 3, 4]
INFO:root:Совпавшие числа: [2, 2, 2, 2, 2, 3, 4]
INFO:root:Мой список получился такой: [7, 2, 1, 8, 1, 9, 7, 7, 1, 4]
DEBUG:root:Список счастливых номеров сгенерированных функцией: [14, 0, 1, 6, 5, 17, 0, 8, 8, 15]
INFO:root:Совпавшие числа: [1, 1, 1, 8, 8]
INFO:root:Мой список получился такой: [7, 6, 9, 2, 9, 7, 1, 8, 3, 5]
DEBUG:root:Список счастливых номеров сгенерированных функцией: [17, 7, 10, 16, 4, -1, 18, 10, 8, 5]
INFO:root:Совпавшие числа: [7, 7, 8, 5]
INFO:root:Мой список получился такой: [4, 8, 8, 7, 6, 3, 7, 4, 7, 8]
DEBUG:root:Список счастливых номеров сгенерированных функцией: [7, 11, -1, 9, 8, 15, -3, 7, 0, -1]
INFO:root:Совпавшие числа: [7, 7, 7, 8, 8, 8, 7, 7, 7]
INFO:root:Мой список получился такой: [1, 0, 4, 1, 4, 6, 3, 1, 3, 4]
DEBUG:root:Список счастливых номеров сгенерированных функцией: [12, 5, 8, 9, 11, 10, 8, 1, 10, 5]
INFO:root:Совпавшие числа: [1, 1, 1]
INFO:root:Мой список получился такой: [8, 2, 4, 9, 2, 9, 9, 2, 7, 0]
DEBUG:root:Список счастливых номеров сгенерированных функцией: [15, 2, 11, 1, 12, 15, 4, 10, 6, 0]
INFO:root:Совпавшие числа: [2, 2, 2, 4, 0]
INFO:root:Мой список получился такой: [8, 6, 2, 3, 0, 9, 2, 8, 6, 2]
DEBUG:root:Список счастливых номеров сгенерированных функцией: [6, 7, 7, 16, 13, 0, 4, 18, 0, 2]
INFO:root:Совпавшие числа: [6, 6, 0, 0, 2, 2, 2]
INFO:root:Мой список получился такой: [3, 5, 9, 1, 0, 7, 7, 9, 2, 4]
DEBUG:root:Список счастливых номеров сгенерированных функцией: [3, 9, 14, 3, 14, 18, 0, 9, 14, 5]
INFO:root:Совпавшие числа: [3, 9, 9, 3, 0, 9, 9, 5]
INFO:root:Мой список получился такой: [5, 2, 8, 3, 1, 5, 0, 0, 5, 1]
DEBUG:root:Список счастливых номеров сгенерированных функцией: [5, 1, 13, 15, 11, 6, 0, 0, 13, 15]
INFO:root:Совпавшие числа: [5, 5, 5, 1, 1, 0, 0, 0, 0]
INFO:root:Мой список получился такой: [3, 5, 1, 8, 3, 3, 4, 4, 7, 4]
DEBUG:root:Список счастливых номеров сгенерированных функцией: [6, 5, 0, 2, 11, 1, 8, 11, 15, 5]
INFO:root:Совпавшие числа: [5, 1, 8, 5]
INFO:root:Мой список получился такой: [7, 1, 0, 0, 2, 3, 5, 9, 2, 3]
DEBUG:root:Список счастливых номеров сгенерированных функцией: [1, 7, 18, 13, 18, 18, 14, 0, 11, 7]
INFO:root:Совпавшие числа: [1, 7, 0, 0, 7]
INFO:root:Мой список получился такой: [7, 2, 7, 8, 0, 5, 8, 6, 0, 3]
DEBUG:root:Список счастливых номеров сгенерированных функцией: [0, 1, 4, 13, 9, 0, 6, 2, 9, 8]
INFO:root:Совпавшие числа: [0, 0, 0, 0, 6, 2, 8, 8]
INFO:root:Мой список получился такой: [7, 4, 0, 7, 0, 7, 5, 3, 4, 1]
DEBUG:root:Список счастливых номеров сгенерированных функцией: [12, 13, 2, 11, 7, 11, 14, 14, 13, 3]
INFO:root:Совпавшие числа: [7, 7, 7, 3]
INFO:root:Мой список получился такой: [5, 9, 4, 7, 1, 3, 7, 6, 8, 2]
DEBUG:root:Список счастливых номеров сгенерированных функцией: [3, 3, 16, 7, 17, 12, 16, 13, 13, 0]
INFO:root:Совпавшие числа: [3, 3, 7, 7]
INFO:root:Мой список получился такой: [0, 7, 8, 9, 5, 8, 5, 9, 2, 5]
DEBUG:root:Список счастливых номеров сгенерированных функцией: [3, 4, 12, 3, 15, 4, 1, 9, 10, 9]
INFO:root:Совпавшие числа: [9, 9, 9, 9]
INFO:root:Мой список получился такой: [9, 2, 5, 6, 1, 8, 1, 8, 7, 3]
DEBUG:root:Список счастливых номеров сгенерированных функцией: [11, 10, 8, 7, 2, -1, 0, 10, 11, 0]
INFO:root:Совпавшие числа: [8, 8, 7, 2]
INFO:root:Мой список получился такой: [0, 4, 3, 2, 9, 6, 7, 5, 5, 2]
DEBUG:root:Список счастливых номеров сгенерированных функцией: [15, 13, 0, 0, 8, 12, 7, 7, 1, 6]
INFO:root:Совпавшие числа: [0, 0, 7, 7, 6]
INFO:root:Мой список получился такой: [8, 9, 4, 0, 1, 9, 7, 7, 0, 3]
DEBUG:root:Список счастливых номеров сгенерированных функцией: [7, 4, 11, 13, 7, 17, 18, 2, 1, 5]
INFO:root:Совпавшие числа: [7, 7, 4, 7, 7, 1]
INFO:root:Мой список получился такой: [8, 9, 2, 9, 2, 7, 3, 8, 5, 5]
DEBUG:root:Список счастливых номеров сгенерированных функцией: [3, 15, 6, 13, 7, 7, 0, 4, 6, 3]
INFO:root:Совпавшие числа: [3, 7, 7, 3]
INFO:root:Мой список получился такой: [4, 0, 4, 4, 9, 9, 0, 2, 3, 4]
DEBUG:root:Список счастливых номеров сгенерированных функцией: [6, 9, 14, 2, 4, 6, 10, 6, 7, 13]
INFO:root:Совпавшие числа: [9, 9, 2, 4, 4, 4, 4]
INFO:root:Мой список получился такой: [4, 9, 7, 0, 1, 2, 4, 0, 9, 2]
DEBUG:root:Список счастливых номеров сгенерированных функцией: [1, 0, 10, 1, 14, 16, 5, 12, 13, 15]
INFO:root:Совпавшие числа: [1, 0, 0, 1]
INFO:root:Мой список получился такой: [1, 6, 1, 2, 9, 1, 2, 1, 3, 9]
DEBUG:root:Список счастливых номеров сгенерированных функцией: [18, 9, 5, 15, 13, 11, 8, 14, 0, 10]
INFO:root:Совпавшие числа: [9, 9]
INFO:root:Мой список получился такой: [0, 9, 7, 9, 0, 0, 0, 7, 7, 6]
DEBUG:root:Список счастливых номеров сгенерированных функцией: [11, 16, 0, 1, 16, 5, 2, 12, 5, 17]
INFO:root:Совпавшие числа: [0, 0, 0, 0]
INFO:root:Мой список получился такой: [1, 1, 7, 2, 3, 8, 1, 3, 5, 1]
DEBUG:root:Список счастливых номеров сгенерированных функцией: [12, 9, 10, -1, 2, 3, 13, 15, 5, 4]
INFO:root:Совпавшие числа: [2, 3, 3, 5]
INFO:root:Мой список получился такой: [8, 2, 9, 6, 2, 6, 3, 5, 8, 5]
DEBUG:root:Список счастливых номеров сгенерированных функцией: [5, 10, 15, -1, 18, 9, 13, 3, 1, 1]
INFO:root:Совпавшие числа: [5, 5, 9, 3]
INFO:root:Мой список получился такой: [1, 6, 3, 0, 1, 3, 6, 5, 8, 9]
DEBUG:root:Список счастливых номеров сгенерированных функцией: [14, 18, 7, 5, 1, 9, 10, 10, 15, 4]
INFO:root:Совпавшие числа: [5, 1, 1, 9]
INFO:root:Мой список получился такой: [8, 9, 1, 5, 3, 2, 2, 3, 0, 0]
DEBUG:root:Список счастливых номеров сгенерированных функцией: [15, 4, 10, 6, 1, 0, 18, 8, 14, 13]
INFO:root:Совпавшие числа: [1, 0, 0, 8]
INFO:root:Мой список получился такой: [0, 4, 4, 8, 7, 3, 4, 1, 1, 5]
DEBUG:root:Список счастливых номеров сгенерированных функцией: [6, 11, 9, 13, 4, 8, 4, 2, 14, 2]
INFO:root:Совпавшие числа: [4, 4, 4, 8, 4, 4, 4]
INFO:root:Мой список получился такой: [0, 2, 3, 5, 7, 5, 5, 4, 2, 9]
DEBUG:root:Список счастливых номеров сгенерированных функцией: [7, 3, 6, 9, 9, 14, 2, 7, 11, 1]
INFO:root:Совпавшие числа: [7, 3, 9, 9, 2, 2, 7]
INFO:root:Мой список получился такой: [4, 8, 3, 2, 6, 3, 1, 6, 2, 9]
DEBUG:root:Список счастливых номеров сгенерированных функцией: [1, 18, -1, -1, 12, 9, 8, 14, 4, 3]
INFO:root:Совпавшие числа: [1, 9, 8, 4, 3, 3]
INFO:root:Мой список получился такой: [0, 2, 2, 5, 2, 6, 5, 1, 5, 1]
DEBUG:root:Список счастливых номеров сгенерированных функцией: [11, 1, 4, 7, 7, 9, 11, 12, 8, 9]
INFO:root:Совпавшие числа: [1, 1]
INFO:root:Мой список получился такой: [6, 6, 0, 0, 3, 2, 2, 2, 7, 9]
DEBUG:root:Список счастливых номеров сгенерированных функцией: [2, 0, 9, 18, 18, 2, 8, 0, 14, 15]
INFO:root:Совпавшие числа: [2, 2, 2, 0, 0, 9, 2, 2, 2, 0, 0]
INFO:root:Мой список получился такой: [0, 9, 1, 2, 2, 4, 8, 7, 8, 3]
DEBUG:root:Список счастливых номеров сгенерированных функцией: [18, 17, 13, 17, 9, 4, 5, 10, 11, 9]
INFO:root:Совпавшие числа: [9, 4, 9]
INFO:root:Мой список получился такой: [2, 9, 0, 3, 5, 1, 2, 3, 5, 8]
DEBUG:root:Список счастливых номеров сгенерированных функцией: [16, 10, 15, 4, 11, 17, 12, 14, 9, 4]
INFO:root:Совпавшие числа: [9]
INFO:root:Мой список получился такой: [0, 9, 1, 1, 5, 3, 4, 9, 6, 1]
DEBUG:root:Список счастливых номеров сгенерированных функцией: [1, 7, 17, 2, 17, 15, 6, 2, 17, 9]
INFO:root:Совпавшие числа: [1, 1, 1, 6, 9, 9]
INFO:root:Мой список получился такой: [8, 3, 7, 9, 6, 5, 1, 1, 5, 8]
DEBUG:root:Список счастливых номеров сгенерированных функцией: [7, 10, -1, 7, -1, 17, 10, 10, -1, 5]
INFO:root:Совпавшие числа: [7, 7, 5, 5]
INFO:root:Мой список получился такой: [0, 6, 8, 0, 4, 3, 1, 5, 0, 4]
DEBUG:root:Список счастливых номеров сгенерированных функцией: [9, 15, 11, 13, 7, 11, 6, 7, 0, 12]
INFO:root:Совпавшие числа: [6, 0, 0, 0]
INFO:root:Мой список получился такой: [2, 7, 5, 8, 1, 5, 2, 0, 8, 8]
DEBUG:root:Список счастливых номеров сгенерированных функцией: [8, 15, 16, 5, 0, 1, 5, 14, 15, 14]
INFO:root:Совпавшие числа: [8, 8, 8, 5, 5, 0, 1, 5, 5]
INFO:root:Мой список получился такой: [3, 6, 3, 6, 0, 6, 7, 6, 1, 2]
DEBUG:root:Список счастливых номеров сгенерированных функцией: [8, 13, 13, 1, 2, 5, 11, 5, 8, 11]
INFO:root:Совпавшие числа: [1, 2]
INFO:root:Мой список получился такой: [5, 4, 7, 4, 8, 1, 2, 0, 1, 0]
DEBUG:root:Список счастливых номеров сгенерированных функцией: [10, 6, 15, 15, 5, 13, 10, 12, 10, 5]
INFO:root:Совпавшие числа: [5, 5]
INFO:root:Мой список получился такой: [2, 5, 5, 2, 3, 9, 0, 2, 7, 7]
DEBUG:root:Список счастливых номеров сгенерированных функцией: [10, 3, 17, 4, 17, 0, 9, 10, 5, 17]
INFO:root:Совпавшие числа: [3, 0, 9, 5, 5]
INFO:root:Мой список получился такой: [6, 1, 0, 3, 9, 6, 1, 0, 2, 3]
DEBUG:root:Список счастливых номеров сгенерированных функцией: [12, 10, 11, 18, 14, 16, 6, 4, 16, 0]
INFO:root:Совпавшие числа: [6, 6, 0, 0]
INFO:root:Мой список получился такой: [0, 6, 9, 8, 0, 1, 0, 7, 9, 8]
DEBUG:root:Список счастливых номеров сгенерированных функцией: [5, 2, 13, 8, 0, 5, 16, 0, 3, 11]
INFO:root:Совпавшие числа: [8, 8, 0, 0, 0, 0, 0, 0]
INFO:root:Мой список получился такой: [5, 9, 6, 1, 1, 7, 9, 7, 3, 1]
DEBUG:root:Список счастливых номеров сгенерированных функцией: [10, 9, 8, 15, 5, -1, 1, 8, 12, 8]
INFO:root:Совпавшие числа: [9, 9, 5, 1, 1, 1]
INFO:root:Мой список получился такой: [8, 8, 1, 4, 1, 1, 6, 2, 9, 8]
DEBUG:root:Список счастливых номеров сгенерированных функцией: [11, 4, 10, 1, 8, 9, 11, 5, 16, 10]
INFO:root:Совпавшие числа: [4, 1, 1, 1, 8, 8, 8, 9]
INFO:root:Мой список получился такой: [3, 8, 1, 9, 0, 4, 1, 7, 8, 3]
DEBUG:root:Список счастливых номеров сгенерированных функцией: [9, 9, 16, 3, 2, 3, 6, 12, 17, 7]
INFO:root:Совпавшие числа: [9, 9, 3, 3, 3, 3, 7]
INFO:root:Мой список получился такой: [6, 5, 0, 7, 5, 3, 0, 5, 3, 7]
DEBUG:root:Список счастливых номеров сгенерированных функцией: [7, 14, 0, 4, 3, 7, 12, 11, 10, 10]
INFO:root:Совпавшие числа: [7, 7, 0, 0, 3, 3, 7, 7]
