2022-08-17 23:20:42,414 - Логер функции 2 - DEBUG - Я на букве ф
2022-08-17 23:20:42,414 - Логер функции 2 - DEBUG - Я на букве ы
2022-08-17 23:20:42,414 - Логер функции 2 - DEBUG - Я на букве в
2022-08-17 23:20:42,414 - Логер функции 2 - DEBUG - Я на букве а
2022-08-17 23:20:42,414 - Логер функции 2 - DEBUG - Я на букве п
2022-08-17 23:20:42,414 - Логер функции 2 - DEBUG - Я на букве р
2022-08-17 23:20:42,414 - Логер функции 2 - DEBUG - Я на букве о
2022-08-17 23:20:42,414 - Логер функции 2 - DEBUG - Я на букве л
2022-08-17 23:20:42,414 - Логер функции 2 - DEBUG - Я на букве д
2022-08-17 23:20:42,414 - Логер функции 2 - DEBUG - Я на букве ж
2022-08-17 23:20:42,414 - Логер функции 2 - DEBUG - Я на букве ю
2022-08-17 23:20:42,415 - Логер функции 2 - DEBUG - Я на букве б
2022-08-17 23:20:42,415 - Логер функции 2 - DEBUG - Я на букве ь
2022-08-17 23:20:42,415 - Логер функции 2 - DEBUG - Я на букве т
2022-08-17 23:20:42,415 - Логер функции 2 - DEBUG - Я на букве и
2022-08-17 23:20:42,415 - Логер функции 2 - DEBUG - Я на букве м
2022-08-17 23:20:42,415 - Логер функции 2 - DEBUG - Я на букве с
2022-08-17 23:20:42,415 - Логер функции 2 - DEBUG - Я на букве ч
2022-08-17 23:20:42,415 - Логер функции 2 - DEBUG - Я на букве я
2022-08-17 23:20:42,415 - Логер функции 2 - DEBUG - Я на букве й
2022-08-17 23:20:42,415 - Логер функции 2 - DEBUG - Я на букве ц
2022-08-17 23:20:42,415 - Логер функции 2 - DEBUG - Я на букве у
2022-08-17 23:20:42,415 - Логер функции 2 - DEBUG - Я на букве к
2022-08-17 23:20:42,415 - Логер функции 2 - DEBUG - Я на букве е
2022-08-17 23:20:42,415 - Логер функции 2 - DEBUG - Я на букве н
2022-08-17 23:20:42,415 - Логер функции 2 - DEBUG - Я на букве г
2022-08-17 23:20:42,415 - Логер функции 2 - DEBUG - Я на букве ш
2022-08-17 23:20:42,415 - Логер функции 2 - DEBUG - Я на букве щ
