2022-08-17 23:20:42,413 - Логер функции 1 - DEBUG - Я на числе 0
2022-08-17 23:20:42,413 - Логер функции 1 - DEBUG - Я на числе 1
2022-08-17 23:20:42,413 - Логер функции 1 - DEBUG - Я на числе 2
2022-08-17 23:20:42,413 - Логер функции 1 - DEBUG - Я на числе 3
2022-08-17 23:20:42,413 - Логер функции 1 - DEBUG - Я на числе 4
2022-08-17 23:20:42,413 - Логер функции 1 - DEBUG - Я на числе 5
2022-08-17 23:20:42,413 - Логер функции 1 - DEBUG - Я на числе 6
2022-08-17 23:20:42,413 - Логер функции 1 - DEBUG - Я на числе 7
2022-08-17 23:20:42,413 - Логер функции 1 - DEBUG - Я на числе 8
2022-08-17 23:20:42,413 - Логер функции 1 - DEBUG - Я на числе 9
2022-08-17 23:20:42,413 - Логер функции 1 - DEBUG - Я на числе 10
2022-08-17 23:20:42,413 - Логер функции 1 - DEBUG - Я на числе 11
2022-08-17 23:20:42,413 - Логер функции 1 - DEBUG - Я на числе 12
2022-08-17 23:20:42,413 - Логер функции 1 - DEBUG - Я на числе 13
2022-08-17 23:20:42,413 - Логер функции 1 - DEBUG - Я на числе 14
2022-08-17 23:20:42,413 - Логер функции 1 - DEBUG - Я на числе 15
2022-08-17 23:20:42,413 - Логер функции 1 - DEBUG - Я на числе 16
2022-08-17 23:20:42,413 - Логер функции 1 - DEBUG - Я на числе 17
2022-08-17 23:20:42,413 - Логер функции 1 - DEBUG - Я на числе 18
2022-08-17 23:20:42,413 - Логер функции 1 - DEBUG - Я на числе 19
2022-08-17 23:20:42,413 - Логер функции 1 - DEBUG - Я на числе 20
2022-08-17 23:20:42,413 - Логер функции 1 - DEBUG - Я на числе 21
2022-08-17 23:20:42,413 - Логер функции 1 - DEBUG - Я на числе 22
2022-08-17 23:20:42,413 - Логер функции 1 - DEBUG - Я на числе 23
2022-08-17 23:20:42,413 - Логер функции 1 - DEBUG - Я на числе 24
2022-08-17 23:20:42,413 - Логер функции 1 - DEBUG - Я на числе 25
2022-08-17 23:20:42,413 - Логер функции 1 - DEBUG - Я на числе 26
2022-08-17 23:20:42,413 - Логер функции 1 - DEBUG - Я на числе 27
2022-08-17 23:20:42,413 - Логер функции 1 - DEBUG - Я на числе 28
2022-08-17 23:20:42,413 - Логер функции 1 - DEBUG - Я на числе 29
2022-08-17 23:20:42,413 - Логер функции 1 - DEBUG - Я на числе 30
2022-08-17 23:20:42,414 - Логер функции 1 - DEBUG - Я на числе 31
2022-08-17 23:20:42,414 - Логер функции 1 - DEBUG - Я на числе 32
2022-08-17 23:20:42,414 - Логер функции 1 - DEBUG - Я на числе 33
2022-08-17 23:20:42,414 - Логер функции 1 - DEBUG - Я на числе 34
2022-08-17 23:20:42,414 - Логер функции 1 - DEBUG - Я на числе 35
2022-08-17 23:20:42,414 - Логер функции 1 - DEBUG - Я на числе 36
2022-08-17 23:20:42,414 - Логер функции 1 - DEBUG - Я на числе 37
2022-08-17 23:20:42,414 - Логер функции 1 - DEBUG - Я на числе 38
2022-08-17 23:20:42,414 - Логер функции 1 - DEBUG - Я на числе 39
2022-08-17 23:20:42,414 - Логер функции 1 - DEBUG - Я на числе 40
2022-08-17 23:20:42,414 - Логер функции 1 - DEBUG - Я на числе 41
2022-08-17 23:20:42,414 - Логер функции 1 - DEBUG - Я на числе 42
2022-08-17 23:20:42,414 - Логер функции 1 - DEBUG - Я на числе 43
2022-08-17 23:20:42,414 - Логер функции 1 - DEBUG - Я на числе 44
2022-08-17 23:20:42,414 - Логер функции 1 - DEBUG - Я на числе 45
2022-08-17 23:20:42,414 - Логер функции 1 - DEBUG - Я на числе 46
2022-08-17 23:20:42,414 - Логер функции 1 - DEBUG - Я на числе 47
2022-08-17 23:20:42,414 - Логер функции 1 - DEBUG - Я на числе 48
2022-08-17 23:20:42,414 - Логер функции 1 - DEBUG - Я на числе 49
2022-08-17 23:20:42,414 - Логер функции 1 - DEBUG - Я на числе 50
2022-08-17 23:20:42,414 - Логер функции 1 - DEBUG - Я на числе 51
2022-08-17 23:20:42,414 - Логер функции 1 - DEBUG - Я на числе 52
2022-08-17 23:20:42,414 - Логер функции 1 - DEBUG - Я на числе 53
2022-08-17 23:20:42,414 - Логер функции 1 - ERROR - Ошибка:
Traceback (most recent call last):
  File "C:\Users\мвидео\PycharmProjects\my_workspace\Skillbox\Modul 2\logging\secong log.py", line 12, in func_1
    x = "test" / 2
TypeError: unsupported operand type(s) for /: 'str' and 'int'
