2022-08-25 20:02:15,479 - Логер_шмогер - INFO - Мой список получился такой: [3, 1, 1, 8, 5, 8, 8, 7, 8, 8]
2022-08-25 20:02:15,479 - Логер_шмогер - DEBUG - Список счастливых номеров сгенерированных функцией: [13, 4, 7, 2, 16, 0, 15, 1, 5, 14]
2022-08-25 20:02:15,479 - Логер_шмогер - INFO - Совпавшие числа: [7, 1, 1, 5]
2022-08-25 20:02:15,479 - Логер_шмогер - INFO - Мой список получился такой: [4, 9, 1, 9, 7, 6, 5, 4, 5, 9]
2022-08-25 20:02:15,479 - Логер_шмогер - DEBUG - Список счастливых номеров сгенерированных функцией: [11, 18, 2, 7, 16, 14, 10, 4, 13, 0]
2022-08-25 20:02:15,480 - Логер_шмогер - INFO - Совпавшие числа: [7, 4, 4]
2022-08-25 20:02:15,480 - Логер_шмогер - INFO - Мой список получился такой: [7, 3, 6, 0, 4, 6, 9, 3, 0, 8]
2022-08-25 20:02:15,480 - Логер_шмогер - DEBUG - Список счастливых номеров сгенерированных функцией: [13, 0, 5, 12, 5, 5, 12, 5, 13, 17]
2022-08-25 20:02:15,480 - Логер_шмогер - INFO - Совпавшие числа: [0, 0]
2022-08-25 20:02:15,480 - Логер_шмогер - INFO - Мой список получился такой: [2, 7, 5, 3, 1, 7, 9, 0, 9, 9]
2022-08-25 20:02:15,480 - Логер_шмогер - DEBUG - Список счастливых номеров сгенерированных функцией: [0, 10, 12, 15, 13, 0, 15, 14, 16, 18]
2022-08-25 20:02:15,480 - Логер_шмогер - INFO - Совпавшие числа: [0, 0]
2022-08-25 20:02:15,480 - Логер_шмогер - INFO - Мой список получился такой: [1, 8, 5, 5, 6, 4, 4, 6, 6, 0]
2022-08-25 20:02:15,480 - Логер_шмогер - DEBUG - Список счастливых номеров сгенерированных функцией: [12, 14, 2, 6, 1, 9, 15, 10, 15, 1]
2022-08-25 20:02:15,480 - Логер_шмогер - INFO - Совпавшие числа: [6, 6, 6, 1, 1]
2022-08-25 20:02:15,480 - Логер_шмогер - INFO - Мой список получился такой: [1, 2, 9, 3, 1, 4, 9, 8, 4, 4]
2022-08-25 20:02:15,480 - Логер_шмогер - DEBUG - Список счастливых номеров сгенерированных функцией: [7, 8, 12, 2, 6, 14, 0, 9, 16, 13]
2022-08-25 20:02:15,480 - Логер_шмогер - INFO - Совпавшие числа: [8, 2, 9, 9]
2022-08-25 20:02:15,480 - Логер_шмогер - INFO - Мой список получился такой: [5, 5, 4, 3, 4, 6, 4, 9, 2, 8]
2022-08-25 20:02:15,480 - Логер_шмогер - DEBUG - Список счастливых номеров сгенерированных функцией: [14, 12, 8, 8, 16, 17, 12, 6, 2, 14]
2022-08-25 20:02:15,480 - Логер_шмогер - INFO - Совпавшие числа: [8, 8, 6, 2]
2022-08-25 20:02:15,480 - Логер_шмогер - INFO - Мой список получился такой: [4, 0, 7, 1, 2, 0, 9, 3, 7, 6]
2022-08-25 20:02:15,480 - Логер_шмогер - DEBUG - Список счастливых номеров сгенерированных функцией: [4, 15, 1, 2, 3, 5, 4, 18, 15, 5]
2022-08-25 20:02:15,480 - Логер_шмогер - INFO - Совпавшие числа: [4, 1, 2, 3, 4]
2022-08-25 20:02:15,480 - Логер_шмогер - INFO - Мой список получился такой: [3, 1, 4, 2, 6, 4, 5, 7, 7, 7]
2022-08-25 20:02:15,480 - Логер_шмогер - DEBUG - Список счастливых номеров сгенерированных функцией: [-1, 0, 0, 1, 7, 8, 14, 4, 11, -1]
2022-08-25 20:02:15,480 - Логер_шмогер - INFO - Совпавшие числа: [1, 7, 7, 7, 4, 4]
2022-08-25 20:02:15,480 - Логер_шмогер - INFO - Мой список получился такой: [7, 8, 9, 9, 9, 1, 7, 9, 2, 1]
2022-08-25 20:02:15,480 - Логер_шмогер - DEBUG - Список счастливых номеров сгенерированных функцией: [10, 10, 6, 18, 3, 11, 0, 11, 15, 5]
2022-08-25 20:02:15,480 - Логер_шмогер - WARNING - Не удача! Совпадений нет!
2022-08-25 20:02:15,480 - Логер_шмогер - ERROR - Совпадений нет!
Traceback (most recent call last):
  File "C:\Users\мвидео\PycharmProjects\education\Learn logging\Ex2. MoreThanEasy\Beautiful description in file.py", line 13, in luck_numbers
    raise ValueError
ValueError
2022-08-25 20:02:15,481 - Логер_шмогер - INFO - Совпавшие числа: []
2022-08-25 20:02:15,481 - Логер_шмогер - INFO - Мой список получился такой: [9, 6, 1, 4, 9, 6, 0, 2, 3, 2]
2022-08-25 20:02:15,481 - Логер_шмогер - DEBUG - Список счастливых номеров сгенерированных функцией: [13, 10, 17, 18, 7, 12, 12, 2, 5, 10]
2022-08-25 20:02:15,481 - Логер_шмогер - INFO - Совпавшие числа: [2, 2]
2022-08-25 20:02:15,481 - Логер_шмогер - INFO - Мой список получился такой: [6, 0, 5, 4, 8, 7, 2, 0, 1, 3]
2022-08-25 20:02:15,481 - Логер_шмогер - DEBUG - Список счастливых номеров сгенерированных функцией: [16, 6, 6, 0, 6, 9, 5, 0, 14, 4]
2022-08-25 20:02:15,481 - Логер_шмогер - INFO - Совпавшие числа: [6, 6, 0, 0, 6, 5, 0, 0, 4]
2022-08-25 20:02:15,481 - Логер_шмогер - INFO - Мой список получился такой: [1, 4, 7, 3, 6, 3, 1, 1, 1, 1]
2022-08-25 20:02:15,481 - Логер_шмогер - DEBUG - Список счастливых номеров сгенерированных функцией: [2, -1, -1, 6, 0, 11, 4, 13, 11, 0]
2022-08-25 20:02:15,481 - Логер_шмогер - INFO - Совпавшие числа: [6, 4]
2022-08-25 20:02:15,481 - Логер_шмогер - INFO - Мой список получился такой: [8, 3, 7, 2, 8, 4, 4, 2, 8, 5]
2022-08-25 20:02:15,481 - Логер_шмогер - DEBUG - Список счастливых номеров сгенерированных функцией: [13, 14, -2, 8, 16, 12, 16, 9, 14, 10]
2022-08-25 20:02:15,481 - Логер_шмогер - INFO - Совпавшие числа: [8, 8, 8]
2022-08-25 20:02:15,481 - Логер_шмогер - INFO - Мой список получился такой: [6, 3, 5, 0, 1, 4, 2, 3, 3, 2]
2022-08-25 20:02:15,481 - Логер_шмогер - DEBUG - Список счастливых номеров сгенерированных функцией: [4, 12, 7, 0, 4, 6, 11, 4, 9, 12]
2022-08-25 20:02:15,481 - Логер_шмогер - INFO - Совпавшие числа: [4, 0, 4, 6, 4]
2022-08-25 20:02:15,481 - Логер_шмогер - INFO - Мой список получился такой: [9, 2, 8, 6, 4, 9, 2, 9, 4, 4]
2022-08-25 20:02:15,481 - Логер_шмогер - DEBUG - Список счастливых номеров сгенерированных функцией: [3, 18, 11, 3, 7, -1, 13, 6, 12, 0]
2022-08-25 20:02:15,481 - Логер_шмогер - INFO - Совпавшие числа: [6]
2022-08-25 20:02:15,481 - Логер_шмогер - INFO - Мой список получился такой: [5, 9, 4, 5, 4, 6, 7, 5, 8, 1]
2022-08-25 20:02:15,481 - Логер_шмогер - DEBUG - Список счастливых номеров сгенерированных функцией: [13, 3, 18, 11, 3, 2, 3, 18, 7, 18]
2022-08-25 20:02:15,481 - Логер_шмогер - INFO - Совпавшие числа: [7]
2022-08-25 20:02:15,481 - Логер_шмогер - INFO - Мой список получился такой: [0, 5, 9, 1, 8, 9, 7, 0, 6, 8]
2022-08-25 20:02:15,481 - Логер_шмогер - DEBUG - Список счастливых номеров сгенерированных функцией: [14, 6, 11, 17, 10, 15, 6, 15, 4, 8]
2022-08-25 20:02:15,481 - Логер_шмогер - INFO - Совпавшие числа: [6, 6, 8, 8]
2022-08-25 20:02:15,482 - Логер_шмогер - INFO - Мой список получился такой: [9, 5, 3, 3, 1, 1, 8, 7, 5, 3]
2022-08-25 20:02:15,482 - Логер_шмогер - DEBUG - Список счастливых номеров сгенерированных функцией: [17, 3, -1, 16, 9, 14, 11, 8, 4, 5]
2022-08-25 20:02:15,482 - Логер_шмогер - INFO - Совпавшие числа: [3, 3, 3, 9, 8, 5, 5]
2022-08-25 20:02:15,482 - Логер_шмогер - INFO - Мой список получился такой: [1, 2, 7, 6, 6, 5, 8, 2, 5, 1]
2022-08-25 20:02:15,482 - Логер_шмогер - DEBUG - Список счастливых номеров сгенерированных функцией: [9, 6, 4, 7, 4, 15, 9, 14, -1, 16]
2022-08-25 20:02:15,482 - Логер_шмогер - INFO - Совпавшие числа: [6, 6, 7]
2022-08-25 20:02:15,482 - Логер_шмогер - INFO - Мой список получился такой: [9, 6, 0, 1, 0, 9, 2, 8, 9, 9]
2022-08-25 20:02:15,482 - Логер_шмогер - DEBUG - Список счастливых номеров сгенерированных функцией: [9, 17, 8, 3, 10, 2, 16, 2, 3, 5]
2022-08-25 20:02:15,482 - Логер_шмогер - INFO - Совпавшие числа: [9, 9, 9, 9, 8, 2, 2]
2022-08-25 20:02:15,482 - Логер_шмогер - INFO - Мой список получился такой: [3, 3, 2, 1, 1, 8, 8, 3, 5, 8]
2022-08-25 20:02:15,482 - Логер_шмогер - DEBUG - Список счастливых номеров сгенерированных функцией: [12, 0, 8, 14, 12, 1, 16, 16, 4, 2]
2022-08-25 20:02:15,482 - Логер_шмогер - INFO - Совпавшие числа: [8, 8, 8, 1, 1, 2]
2022-08-25 20:02:15,482 - Логер_шмогер - INFO - Мой список получился такой: [1, 7, 9, 9, 2, 3, 7, 2, 8, 1]
2022-08-25 20:02:15,482 - Логер_шмогер - DEBUG - Список счастливых номеров сгенерированных функцией: [7, 1, 2, 0, 12, 7, 17, 18, 0, 17]
2022-08-25 20:02:15,482 - Логер_шмогер - INFO - Совпавшие числа: [7, 7, 1, 1, 2, 2, 7, 7]
2022-08-25 20:02:15,482 - Логер_шмогер - INFO - Мой список получился такой: [3, 1, 3, 7, 9, 9, 3, 2, 3, 5]
2022-08-25 20:02:15,482 - Логер_шмогер - DEBUG - Список счастливых номеров сгенерированных функцией: [17, 11, 15, 4, 4, 6, 8, 16, 15, -1]
2022-08-25 20:02:15,482 - Логер_шмогер - WARNING - Не удача! Совпадений нет!
2022-08-25 20:02:15,482 - Логер_шмогер - ERROR - Совпадений нет!
Traceback (most recent call last):
  File "C:\Users\мвидео\PycharmProjects\education\Learn logging\Ex2. MoreThanEasy\Beautiful description in file.py", line 13, in luck_numbers
    raise ValueError
ValueError
2022-08-25 20:02:15,482 - Логер_шмогер - INFO - Совпавшие числа: []
2022-08-25 20:02:15,482 - Логер_шмогер - INFO - Мой список получился такой: [0, 4, 4, 6, 1, 4, 8, 9, 9, 1]
2022-08-25 20:02:15,482 - Логер_шмогер - DEBUG - Список счастливых номеров сгенерированных функцией: [4, 4, 0, 13, 3, 13, 5, 9, 15, 3]
2022-08-25 20:02:15,482 - Логер_шмогер - INFO - Совпавшие числа: [4, 4, 4, 4, 4, 4, 0, 9, 9]
2022-08-25 20:02:15,482 - Логер_шмогер - INFO - Мой список получился такой: [4, 5, 1, 3, 1, 9, 3, 3, 7, 3]
2022-08-25 20:02:15,482 - Логер_шмогер - DEBUG - Список счастливых номеров сгенерированных функцией: [14, 12, 5, 16, 13, 13, 9, 1, 12, 10]
2022-08-25 20:02:15,482 - Логер_шмогер - INFO - Совпавшие числа: [5, 9, 1, 1]
2022-08-25 20:02:15,482 - Логер_шмогер - INFO - Мой список получился такой: [0, 6, 0, 3, 7, 7, 4, 3, 1, 7]
2022-08-25 20:02:15,482 - Логер_шмогер - DEBUG - Список счастливых номеров сгенерированных функцией: [8, 2, 9, 1, 2, 12, 1, 2, 2, 10]
2022-08-25 20:02:15,482 - Логер_шмогер - INFO - Совпавшие числа: [1, 1]
2022-08-25 20:02:15,483 - Логер_шмогер - INFO - Мой список получился такой: [3, 2, 7, 6, 3, 2, 8, 7, 0, 4]
2022-08-25 20:02:15,483 - Логер_шмогер - DEBUG - Список счастливых номеров сгенерированных функцией: [7, 9, 14, 10, 4, 14, 14, 6, 6, 3]
2022-08-25 20:02:15,483 - Логер_шмогер - INFO - Совпавшие числа: [7, 7, 4, 6, 6, 3, 3]
2022-08-25 20:02:15,483 - Логер_шмогер - INFO - Мой список получился такой: [5, 8, 1, 2, 7, 2, 7, 8, 1, 7]
2022-08-25 20:02:15,483 - Логер_шмогер - DEBUG - Список счастливых номеров сгенерированных функцией: [15, 2, 13, 8, 2, 9, 11, 16, 13, 6]
2022-08-25 20:02:15,483 - Логер_шмогер - INFO - Совпавшие числа: [2, 2, 8, 8, 2, 2]
2022-08-25 20:02:15,483 - Логер_шмогер - INFO - Мой список получился такой: [0, 6, 0, 3, 5, 9, 2, 7, 1, 6]
2022-08-25 20:02:15,483 - Логер_шмогер - DEBUG - Список счастливых номеров сгенерированных функцией: [7, 15, 1, 1, 17, 11, 5, 15, 15, 11]
2022-08-25 20:02:15,483 - Логер_шмогер - INFO - Совпавшие числа: [7, 1, 1, 5]
2022-08-25 20:02:15,483 - Логер_шмогер - INFO - Мой список получился такой: [0, 4, 4, 8, 8, 1, 1, 2, 0, 9]
2022-08-25 20:02:15,483 - Логер_шмогер - DEBUG - Список счастливых номеров сгенерированных функцией: [5, 5, 6, 9, 18, 6, 10, 3, 3, 15]
2022-08-25 20:02:15,483 - Логер_шмогер - INFO - Совпавшие числа: [9]
2022-08-25 20:02:15,483 - Логер_шмогер - INFO - Мой список получился такой: [2, 6, 3, 8, 4, 7, 1, 0, 1, 9]
2022-08-25 20:02:15,483 - Логер_шмогер - DEBUG - Список счастливых номеров сгенерированных функцией: [14, 3, 10, 6, 3, 7, 1, 6, 12, 8]
2022-08-25 20:02:15,483 - Логер_шмогер - INFO - Совпавшие числа: [3, 6, 3, 7, 1, 1, 6, 8]
2022-08-25 20:02:15,483 - Логер_шмогер - INFO - Мой список получился такой: [7, 3, 0, 8, 3, 3, 0, 6, 0, 7]
2022-08-25 20:02:15,483 - Логер_шмогер - DEBUG - Список счастливых номеров сгенерированных функцией: [10, 2, 3, 16, 4, 14, 14, 8, 4, 3]
2022-08-25 20:02:15,483 - Логер_шмогер - INFO - Совпавшие числа: [3, 3, 3, 8, 3, 3, 3]
2022-08-25 20:02:15,483 - Логер_шмогер - INFO - Мой список получился такой: [5, 9, 1, 4, 2, 2, 2, 8, 9, 1]
2022-08-25 20:02:15,483 - Логер_шмогер - DEBUG - Список счастливых номеров сгенерированных функцией: [-1, 2, 7, 6, 13, 17, 14, 7, 14, 5]
2022-08-25 20:02:15,483 - Логер_шмогер - INFO - Совпавшие числа: [2, 2, 2, 5]
2022-08-25 20:02:15,483 - Логер_шмогер - INFO - Мой список получился такой: [9, 7, 9, 5, 5, 9, 9, 3, 9, 2]
2022-08-25 20:02:15,483 - Логер_шмогер - DEBUG - Список счастливых номеров сгенерированных функцией: [13, 14, 2, 6, 15, 8, 18, 13, 11, 1]
2022-08-25 20:02:15,483 - Логер_шмогер - INFO - Совпавшие числа: [2]
2022-08-25 20:02:15,483 - Логер_шмогер - INFO - Мой список получился такой: [6, 5, 4, 8, 6, 1, 4, 8, 5, 3]
2022-08-25 20:02:15,483 - Логер_шмогер - DEBUG - Список счастливых номеров сгенерированных функцией: [7, 15, -1, 0, 7, 1, 3, 9, 2, 14]
2022-08-25 20:02:15,483 - Логер_шмогер - INFO - Совпавшие числа: [1, 3]
2022-08-25 20:02:15,483 - Логер_шмогер - INFO - Мой список получился такой: [9, 7, 9, 9, 5, 4, 3, 9, 6, 1]
2022-08-25 20:02:15,483 - Логер_шмогер - DEBUG - Список счастливых номеров сгенерированных функцией: [17, 6, 1, 1, 11, 10, 12, 16, 15, 4]
2022-08-25 20:02:15,483 - Логер_шмогер - INFO - Совпавшие числа: [6, 1, 1, 4]
2022-08-25 20:02:15,484 - Логер_шмогер - INFO - Мой список получился такой: [7, 9, 0, 8, 5, 5, 7, 5, 7, 4]
2022-08-25 20:02:15,484 - Логер_шмогер - DEBUG - Список счастливых номеров сгенерированных функцией: [16, 17, 10, 11, 8, 6, 0, 3, 5, 13]
2022-08-25 20:02:15,484 - Логер_шмогер - INFO - Совпавшие числа: [8, 0, 5, 5, 5]
2022-08-25 20:02:15,484 - Логер_шмогер - INFO - Мой список получился такой: [9, 4, 0, 3, 6, 5, 4, 5, 1, 3]
2022-08-25 20:02:15,484 - Логер_шмогер - DEBUG - Список счастливых номеров сгенерированных функцией: [3, 8, 15, 7, 14, 3, 17, 14, 5, 18]
2022-08-25 20:02:15,484 - Логер_шмогер - INFO - Совпавшие числа: [3, 3, 3, 3, 5, 5]
2022-08-25 20:02:15,484 - Логер_шмогер - INFO - Мой список получился такой: [0, 7, 7, 5, 8, 2, 0, 5, 9, 7]
2022-08-25 20:02:15,484 - Логер_шмогер - DEBUG - Список счастливых номеров сгенерированных функцией: [12, 17, 6, 16, 8, 0, 9, 14, 17, 9]
2022-08-25 20:02:15,484 - Логер_шмогер - INFO - Совпавшие числа: [8, 0, 0, 9, 9]
2022-08-25 20:02:15,484 - Логер_шмогер - INFO - Мой список получился такой: [8, 8, 2, 6, 4, 8, 0, 1, 5, 3]
2022-08-25 20:02:15,484 - Логер_шмогер - DEBUG - Список счастливых номеров сгенерированных функцией: [4, 13, 4, 8, 15, 13, 6, 5, 14, 8]
2022-08-25 20:02:15,484 - Логер_шмогер - INFO - Совпавшие числа: [4, 4, 8, 8, 8, 6, 5, 8, 8, 8]
2022-08-25 20:02:15,484 - Логер_шмогер - INFO - Мой список получился такой: [6, 7, 5, 0, 8, 3, 5, 2, 3, 8]
2022-08-25 20:02:15,484 - Логер_шмогер - DEBUG - Список счастливых номеров сгенерированных функцией: [1, 5, 6, 9, 8, 9, 13, 6, 15, 8]
2022-08-25 20:02:15,484 - Логер_шмогер - INFO - Совпавшие числа: [5, 5, 6, 8, 8, 6, 8, 8]
2022-08-25 20:02:15,484 - Логер_шмогер - INFO - Мой список получился такой: [6, 3, 6, 0, 0, 8, 1, 0, 5, 0]
2022-08-25 20:02:15,484 - Логер_шмогер - DEBUG - Список счастливых номеров сгенерированных функцией: [5, 9, 10, 14, 0, 9, 6, 0, 5, 4]
2022-08-25 20:02:15,484 - Логер_шмогер - INFO - Совпавшие числа: [5, 0, 0, 0, 0, 6, 6, 0, 0, 0, 0, 5]
2022-08-25 20:02:15,484 - Логер_шмогер - INFO - Мой список получился такой: [4, 8, 4, 2, 7, 4, 9, 3, 4, 8]
2022-08-25 20:02:15,484 - Логер_шмогер - DEBUG - Список счастливых номеров сгенерированных функцией: [17, 14, 6, -1, 3, 6, 8, -2, 2, 2]
2022-08-25 20:02:15,484 - Логер_шмогер - INFO - Совпавшие числа: [3, 8, 8, 2, 2]
2022-08-25 20:02:15,484 - Логер_шмогер - INFO - Мой список получился такой: [5, 9, 3, 7, 7, 8, 9, 5, 0, 4]
2022-08-25 20:02:15,484 - Логер_шмогер - DEBUG - Список счастливых номеров сгенерированных функцией: [6, 17, 13, 6, 17, 11, 3, 16, 17, 4]
2022-08-25 20:02:15,484 - Логер_шмогер - INFO - Совпавшие числа: [3, 4]
2022-08-25 20:02:15,484 - Логер_шмогер - INFO - Мой список получился такой: [6, 1, 6, 4, 6, 9, 3, 4, 9, 9]
2022-08-25 20:02:15,484 - Логер_шмогер - DEBUG - Список счастливых номеров сгенерированных функцией: [13, 1, 11, 2, 5, 12, 13, 0, 5, 5]
2022-08-25 20:02:15,484 - Логер_шмогер - INFO - Совпавшие числа: [1]
2022-08-25 20:02:15,484 - Логер_шмогер - INFO - Мой список получился такой: [8, 7, 5, 2, 3, 4, 8, 4, 7, 1]
2022-08-25 20:02:15,484 - Логер_шмогер - DEBUG - Список счастливых номеров сгенерированных функцией: [1, 14, 5, 12, 3, 7, 10, 14, 15, 8]
2022-08-25 20:02:15,484 - Логер_шмогер - INFO - Совпавшие числа: [1, 5, 3, 7, 7, 8, 8]
2022-08-25 20:02:15,484 - Логер_шмогер - INFO - Мой список получился такой: [1, 9, 0, 0, 6, 3, 7, 3, 4, 2]
2022-08-25 20:02:15,485 - Логер_шмогер - DEBUG - Список счастливых номеров сгенерированных функцией: [12, 5, 5, 7, 18, 7, 1, 9, 9, 17]
2022-08-25 20:02:15,485 - Логер_шмогер - INFO - Совпавшие числа: [7, 7, 1, 9, 9]
2022-08-25 20:02:15,485 - Логер_шмогер - INFO - Мой список получился такой: [6, 5, 6, 0, 8, 9, 4, 5, 9, 2]
2022-08-25 20:02:15,485 - Логер_шмогер - DEBUG - Список счастливых номеров сгенерированных функцией: [3, 14, 12, 17, 7, 17, 0, 2, 2, 0]
2022-08-25 20:02:15,485 - Логер_шмогер - INFO - Совпавшие числа: [0, 2, 2, 0]
2022-08-25 20:02:15,485 - Логер_шмогер - INFO - Мой список получился такой: [2, 9, 9, 0, 7, 7, 3, 1, 8, 8]
2022-08-25 20:02:15,485 - Логер_шмогер - DEBUG - Список счастливых номеров сгенерированных функцией: [13, 9, 0, 13, 16, 11, 18, 0, 11, 16]
2022-08-25 20:02:15,485 - Логер_шмогер - INFO - Совпавшие числа: [9, 9, 0, 0]
2022-08-25 20:02:15,485 - Логер_шмогер - INFO - Мой список получился такой: [7, 9, 4, 1, 0, 1, 7, 8, 8, 7]
2022-08-25 20:02:15,485 - Логер_шмогер - DEBUG - Список счастливых номеров сгенерированных функцией: [6, 18, 12, 2, 18, 14, 9, 6, 12, 18]
2022-08-25 20:02:15,485 - Логер_шмогер - INFO - Совпавшие числа: [9]
2022-08-25 20:02:15,485 - Логер_шмогер - INFO - Мой список получился такой: [6, 9, 1, 9, 9, 6, 9, 4, 9, 0]
2022-08-25 20:02:15,485 - Логер_шмогер - DEBUG - Список счастливых номеров сгенерированных функцией: [12, 15, 4, 5, 8, 7, 16, 16, 15, 1]
2022-08-25 20:02:15,485 - Логер_шмогер - INFO - Совпавшие числа: [4, 1]
2022-08-25 20:02:15,485 - Логер_шмогер - INFO - Мой список получился такой: [8, 2, 4, 5, 1, 7, 1, 2, 0, 4]
2022-08-25 20:02:15,485 - Логер_шмогер - DEBUG - Список счастливых номеров сгенерированных функцией: [3, 3, 13, 3, 10, 4, 13, 8, 9, 9]
2022-08-25 20:02:15,485 - Логер_шмогер - INFO - Совпавшие числа: [4, 4, 8]
2022-08-25 20:02:15,485 - Логер_шмогер - INFO - Мой список получился такой: [3, 4, 7, 2, 5, 5, 7, 4, 3, 8]
2022-08-25 20:02:15,485 - Логер_шмогер - DEBUG - Список счастливых номеров сгенерированных функцией: [12, 15, 16, 9, 11, 6, 4, 3, 14, 8]
2022-08-25 20:02:15,485 - Логер_шмогер - INFO - Совпавшие числа: [4, 4, 3, 3, 8]
2022-08-25 20:02:15,485 - Логер_шмогер - INFO - Мой список получился такой: [7, 7, 3, 4, 6, 5, 1, 1, 0, 0]
2022-08-25 20:02:15,485 - Логер_шмогер - DEBUG - Список счастливых номеров сгенерированных функцией: [0, 11, 2, 5, 2, 6, 2, 3, 7, 1]
2022-08-25 20:02:15,485 - Логер_шмогер - INFO - Совпавшие числа: [0, 0, 5, 6, 3, 7, 7, 1, 1]
2022-08-25 20:02:15,485 - Логер_шмогер - INFO - Мой список получился такой: [9, 6, 9, 8, 9, 7, 3, 1, 8, 5]
2022-08-25 20:02:15,485 - Логер_шмогер - DEBUG - Список счастливых номеров сгенерированных функцией: [13, 17, 13, 2, 16, 0, 3, 17, 13, 3]
2022-08-25 20:02:15,485 - Логер_шмогер - INFO - Совпавшие числа: [3, 3]
2022-08-25 20:02:15,485 - Логер_шмогер - INFO - Мой список получился такой: [0, 5, 1, 8, 3, 7, 1, 3, 7, 1]
2022-08-25 20:02:15,485 - Логер_шмогер - DEBUG - Список счастливых номеров сгенерированных функцией: [4, 0, 9, 2, 15, 12, 8, 1, 12, 0]
2022-08-25 20:02:15,485 - Логер_шмогер - INFO - Совпавшие числа: [0, 8, 1, 1, 1, 0]
2022-08-25 20:02:15,486 - Логер_шмогер - INFO - Мой список получился такой: [0, 0, 1, 1, 4, 2, 7, 0, 6, 9]
2022-08-25 20:02:15,486 - Логер_шмогер - DEBUG - Список счастливых номеров сгенерированных функцией: [11, 10, 7, 5, 7, 11, 6, 9, 18, 4]
2022-08-25 20:02:15,486 - Логер_шмогер - INFO - Совпавшие числа: [7, 7, 6, 9, 4]
2022-08-25 20:02:15,486 - Логер_шмогер - INFO - Мой список получился такой: [9, 6, 2, 0, 7, 1, 7, 4, 0, 3]
2022-08-25 20:02:15,486 - Логер_шмогер - DEBUG - Список счастливых номеров сгенерированных функцией: [14, 14, 12, 15, 14, 12, 14, 16, 10, 13]
2022-08-25 20:02:15,486 - Логер_шмогер - WARNING - Не удача! Совпадений нет!
2022-08-25 20:02:15,486 - Логер_шмогер - ERROR - Совпадений нет!
Traceback (most recent call last):
  File "C:\Users\мвидео\PycharmProjects\education\Learn logging\Ex2. MoreThanEasy\Beautiful description in file.py", line 13, in luck_numbers
    raise ValueError
ValueError
2022-08-25 20:02:15,486 - Логер_шмогер - INFO - Совпавшие числа: []
2022-08-25 20:02:15,486 - Логер_шмогер - INFO - Мой список получился такой: [7, 0, 2, 0, 2, 8, 7, 8, 9, 8]
2022-08-25 20:02:15,486 - Логер_шмогер - DEBUG - Список счастливых номеров сгенерированных функцией: [11, 3, 9, 12, 12, 18, 3, 18, 18, 1]
2022-08-25 20:02:15,486 - Логер_шмогер - INFO - Совпавшие числа: [9]
2022-08-25 20:02:15,486 - Логер_шмогер - INFO - Мой список получился такой: [3, 1, 7, 1, 4, 4, 5, 8, 8, 0]
2022-08-25 20:02:15,486 - Логер_шмогер - DEBUG - Список счастливых номеров сгенерированных функцией: [2, 2, 2, 12, 16, 10, 7, 0, 11, 7]
2022-08-25 20:02:15,486 - Логер_шмогер - INFO - Совпавшие числа: [7, 0, 7]
2022-08-25 20:02:15,486 - Логер_шмогер - INFO - Мой список получился такой: [9, 4, 0, 7, 2, 3, 3, 9, 7, 1]
2022-08-25 20:02:15,486 - Логер_шмогер - DEBUG - Список счастливых номеров сгенерированных функцией: [4, 18, 10, 6, 16, 2, 3, 10, 12, 1]
2022-08-25 20:02:15,486 - Логер_шмогер - INFO - Совпавшие числа: [4, 2, 3, 3, 1]
2022-08-25 20:02:15,486 - Логер_шмогер - INFO - Мой список получился такой: [8, 9, 1, 0, 1, 2, 6, 4, 9, 0]
2022-08-25 20:02:15,486 - Логер_шмогер - DEBUG - Список счастливых номеров сгенерированных функцией: [5, 18, 12, 11, 1, 8, 1, 9, 16, 9]
2022-08-25 20:02:15,486 - Логер_шмогер - INFO - Совпавшие числа: [1, 1, 8, 1, 1, 9, 9, 9, 9]
2022-08-25 20:02:15,486 - Логер_шмогер - INFO - Мой список получился такой: [3, 8, 2, 6, 4, 3, 5, 1, 1, 3]
2022-08-25 20:02:15,486 - Логер_шмогер - DEBUG - Список счастливых номеров сгенерированных функцией: [2, 11, 15, 0, 11, 12, 1, 12, 12, 8]
2022-08-25 20:02:15,486 - Логер_шмогер - INFO - Совпавшие числа: [2, 1, 1, 8]
2022-08-25 20:02:15,486 - Логер_шмогер - INFO - Мой список получился такой: [1, 7, 8, 7, 7, 9, 1, 8, 8, 4]
2022-08-25 20:02:15,486 - Логер_шмогер - DEBUG - Список счастливых номеров сгенерированных функцией: [4, 8, 14, 5, 4, -1, 3, 6, 17, 7]
2022-08-25 20:02:15,486 - Логер_шмогер - INFO - Совпавшие числа: [4, 8, 8, 8, 4, 7, 7, 7]
2022-08-25 20:02:15,486 - Логер_шмогер - INFO - Мой список получился такой: [2, 2, 7, 6, 0, 5, 3, 2, 2, 1]
2022-08-25 20:02:15,486 - Логер_шмогер - DEBUG - Список счастливых номеров сгенерированных функцией: [14, 7, 5, 10, 12, 0, 1, 5, 7, 5]
2022-08-25 20:02:15,486 - Логер_шмогер - INFO - Совпавшие числа: [7, 5, 0, 1, 5, 7, 5]
2022-08-25 20:02:15,487 - Логер_шмогер - INFO - Мой список получился такой: [4, 8, 8, 0, 2, 5, 7, 0, 7, 1]
2022-08-25 20:02:15,487 - Логер_шмогер - DEBUG - Список счастливых номеров сгенерированных функцией: [13, 15, 15, 3, 0, 9, 2, 4, 6, 0]
2022-08-25 20:02:15,487 - Логер_шмогер - INFO - Совпавшие числа: [0, 0, 2, 4, 0, 0]
2022-08-25 20:02:15,487 - Логер_шмогер - INFO - Мой список получился такой: [8, 1, 1, 2, 6, 9, 3, 9, 1, 3]
2022-08-25 20:02:15,487 - Логер_шмогер - DEBUG - Список счастливых номеров сгенерированных функцией: [16, -1, 16, 17, 9, 10, 5, 18, 18, 5]
2022-08-25 20:02:15,487 - Логер_шмогер - INFO - Совпавшие числа: [9, 9]
2022-08-25 20:02:15,487 - Логер_шмогер - INFO - Мой список получился такой: [1, 7, 6, 9, 5, 5, 1, 4, 1, 7]
2022-08-25 20:02:15,487 - Логер_шмогер - DEBUG - Список счастливых номеров сгенерированных функцией: [13, 16, 17, 0, 8, 17, 15, 5, 18, 4]
2022-08-25 20:02:15,487 - Логер_шмогер - INFO - Совпавшие числа: [5, 5, 4]
2022-08-25 20:02:15,487 - Логер_шмогер - INFO - Мой список получился такой: [7, 3, 9, 2, 5, 6, 9, 0, 5, 6]
2022-08-25 20:02:15,487 - Логер_шмогер - DEBUG - Список счастливых номеров сгенерированных функцией: [3, 3, 6, 15, 3, 16, 12, 0, 7, 10]
2022-08-25 20:02:15,487 - Логер_шмогер - INFO - Совпавшие числа: [3, 3, 6, 6, 3, 0, 7]
2022-08-25 20:02:15,487 - Логер_шмогер - INFO - Мой список получился такой: [4, 9, 3, 2, 9, 2, 7, 0, 8, 9]
2022-08-25 20:02:15,487 - Логер_шмогер - DEBUG - Список счастливых номеров сгенерированных функцией: [0, 0, 1, 3, 10, 3, 15, 1, 8, 18]
2022-08-25 20:02:15,487 - Логер_шмогер - INFO - Совпавшие числа: [0, 0, 3, 3, 8]
2022-08-25 20:02:15,487 - Логер_шмогер - INFO - Мой список получился такой: [9, 1, 9, 8, 9, 8, 4, 8, 9, 2]
2022-08-25 20:02:15,487 - Логер_шмогер - DEBUG - Список счастливых номеров сгенерированных функцией: [13, 0, 10, 8, 18, 14, -1, 12, 12, 10]
2022-08-25 20:02:15,487 - Логер_шмогер - INFO - Совпавшие числа: [8, 8, 8]
2022-08-25 20:02:15,487 - Логер_шмогер - INFO - Мой список получился такой: [3, 1, 6, 6, 2, 3, 7, 2, 6, 9]
2022-08-25 20:02:15,487 - Логер_шмогер - DEBUG - Список счастливых номеров сгенерированных функцией: [7, 15, 6, 4, 15, 5, 14, 14, 5, 13]
2022-08-25 20:02:15,487 - Логер_шмогер - INFO - Совпавшие числа: [7, 6, 6, 6]
2022-08-25 20:02:15,487 - Логер_шмогер - INFO - Мой список получился такой: [3, 8, 5, 6, 3, 2, 8, 8, 4, 7]
2022-08-25 20:02:15,487 - Логер_шмогер - DEBUG - Список счастливых номеров сгенерированных функцией: [2, 4, 9, 8, 8, 15, 9, 14, 2, -1]
2022-08-25 20:02:15,487 - Логер_шмогер - INFO - Совпавшие числа: [2, 4, 8, 8, 8, 8, 8, 8, 2]
2022-08-25 20:02:15,487 - Логер_шмогер - INFO - Мой список получился такой: [0, 6, 1, 6, 0, 0, 9, 2, 6, 9]
2022-08-25 20:02:15,487 - Логер_шмогер - DEBUG - Список счастливых номеров сгенерированных функцией: [9, 16, 10, 15, 12, 11, 7, 13, 10, 0]
2022-08-25 20:02:15,487 - Логер_шмогер - INFO - Совпавшие числа: [9, 9, 0, 0, 0]
2022-08-25 20:02:15,487 - Логер_шмогер - INFO - Мой список получился такой: [2, 6, 2, 4, 9, 1, 1, 3, 8, 3]
2022-08-25 20:02:15,487 - Логер_шмогер - DEBUG - Список счастливых номеров сгенерированных функцией: [16, 3, 3, 3, 6, 17, 4, 11, -1, 13]
2022-08-25 20:02:15,487 - Логер_шмогер - INFO - Совпавшие числа: [3, 3, 3, 3, 3, 3, 6, 4]
2022-08-25 20:02:15,487 - Логер_шмогер - INFO - Мой список получился такой: [9, 2, 8, 2, 7, 6, 3, 8, 8, 5]
2022-08-25 20:02:15,488 - Логер_шмогер - DEBUG - Список счастливых номеров сгенерированных функцией: [14, 13, -2, 0, 16, 17, 10, 12, 2, 13]
2022-08-25 20:02:15,488 - Логер_шмогер - INFO - Совпавшие числа: [2, 2]
2022-08-25 20:02:15,488 - Логер_шмогер - INFO - Мой список получился такой: [2, 4, 7, 4, 3, 2, 9, 6, 2, 6]
2022-08-25 20:02:15,488 - Логер_шмогер - DEBUG - Список счастливых номеров сгенерированных функцией: [-2, 4, 16, 14, 18, 15, 9, 0, 10, 7]
2022-08-25 20:02:15,488 - Логер_шмогер - INFO - Совпавшие числа: [4, 4, 9, 7]
2022-08-25 20:02:15,488 - Логер_шмогер - INFO - Мой список получился такой: [2, 9, 5, 3, 9, 3, 8, 0, 5, 3]
2022-08-25 20:02:15,488 - Логер_шмогер - DEBUG - Список счастливых номеров сгенерированных функцией: [1, 15, 6, 6, 16, 7, 17, 3, 12, 8]
2022-08-25 20:02:15,488 - Логер_шмогер - INFO - Совпавшие числа: [3, 3, 3, 8]
2022-08-25 20:02:15,488 - Логер_шмогер - INFO - Мой список получился такой: [9, 3, 6, 1, 3, 9, 2, 2, 8, 9]
2022-08-25 20:02:15,488 - Логер_шмогер - DEBUG - Список счастливых номеров сгенерированных функцией: [3, 3, 9, 8, 9, 13, 14, 4, 12, 12]
2022-08-25 20:02:15,488 - Логер_шмогер - INFO - Совпавшие числа: [3, 3, 3, 3, 9, 9, 9, 8, 9, 9, 9]
2022-08-25 20:02:15,488 - Логер_шмогер - INFO - Мой список получился такой: [0, 6, 7, 1, 8, 9, 7, 3, 7, 1]
2022-08-25 20:02:15,488 - Логер_шмогер - DEBUG - Список счастливых номеров сгенерированных функцией: [17, 13, 6, 4, 5, 6, 11, 8, 15, 1]
2022-08-25 20:02:15,488 - Логер_шмогер - INFO - Совпавшие числа: [6, 6, 8, 1, 1]
2022-08-25 20:02:15,488 - Логер_шмогер - INFO - Мой список получился такой: [4, 4, 3, 1, 7, 8, 3, 0, 0, 6]
2022-08-25 20:02:15,488 - Логер_шмогер - DEBUG - Список счастливых номеров сгенерированных функцией: [12, 13, 15, 9, 14, 0, 5, 10, 9, 6]
2022-08-25 20:02:15,488 - Логер_шмогер - INFO - Совпавшие числа: [0, 0, 6]
2022-08-25 20:02:15,488 - Логер_шмогер - INFO - Мой список получился такой: [3, 9, 7, 3, 7, 2, 6, 4, 2, 7]
2022-08-25 20:02:15,488 - Логер_шмогер - DEBUG - Список счастливых номеров сгенерированных функцией: [3, 5, 12, 16, 7, 4, 17, 0, 9, 15]
2022-08-25 20:02:15,488 - Логер_шмогер - INFO - Совпавшие числа: [3, 3, 7, 7, 7, 4, 9]
2022-08-25 20:02:15,488 - Логер_шмогер - INFO - Мой список получился такой: [1, 5, 7, 8, 3, 3, 2, 7, 2, 6]
2022-08-25 20:02:15,488 - Логер_шмогер - DEBUG - Список счастливых номеров сгенерированных функцией: [11, -1, 9, 1, 5, 9, 2, 2, -1, 9]
2022-08-25 20:02:15,488 - Логер_шмогер - INFO - Совпавшие числа: [1, 5, 2, 2, 2, 2]
2022-08-25 20:02:15,488 - Логер_шмогер - INFO - Мой список получился такой: [9, 9, 6, 9, 6, 8, 3, 0, 0, 1]
2022-08-25 20:02:15,488 - Логер_шмогер - DEBUG - Список счастливых номеров сгенерированных функцией: [2, 7, 0, 17, 18, 2, 11, 16, 1, 17]
2022-08-25 20:02:15,488 - Логер_шмогер - INFO - Совпавшие числа: [0, 0, 1]
2022-08-25 20:02:15,488 - Логер_шмогер - INFO - Мой список получился такой: [5, 7, 4, 0, 1, 0, 1, 7, 4, 8]
2022-08-25 20:02:15,488 - Логер_шмогер - DEBUG - Список счастливых номеров сгенерированных функцией: [6, 14, 3, 16, 4, 13, 5, 3, 9, 10]
2022-08-25 20:02:15,488 - Логер_шмогер - INFO - Совпавшие числа: [4, 4, 5]
2022-08-25 20:02:15,488 - Логер_шмогер - INFO - Мой список получился такой: [5, 6, 7, 0, 0, 1, 2, 9, 6, 1]
2022-08-25 20:02:15,488 - Логер_шмогер - DEBUG - Список счастливых номеров сгенерированных функцией: [16, 11, 2, 7, 1, 16, 7, 15, 7, 8]
2022-08-25 20:02:15,489 - Логер_шмогер - INFO - Совпавшие числа: [2, 7, 1, 1, 7, 7]
2022-08-25 20:02:15,489 - Логер_шмогер - INFO - Мой список получился такой: [1, 9, 2, 7, 7, 9, 5, 8, 3, 7]
2022-08-25 20:02:15,489 - Логер_шмогер - DEBUG - Список счастливых номеров сгенерированных функцией: [16, 17, 6, 5, 17, 15, 11, 1, 16, 0]
2022-08-25 20:02:15,489 - Логер_шмогер - INFO - Совпавшие числа: [5, 1]
2022-08-25 20:02:15,489 - Логер_шмогер - INFO - Мой список получился такой: [3, 2, 6, 4, 0, 7, 0, 9, 9, 7]
2022-08-25 20:02:15,489 - Логер_шмогер - DEBUG - Список счастливых номеров сгенерированных функцией: [15, 11, 3, 16, 7, 11, 4, 12, 13, 12]
2022-08-25 20:02:15,489 - Логер_шмогер - INFO - Совпавшие числа: [3, 7, 7, 4]
2022-08-25 20:02:15,489 - Логер_шмогер - INFO - Мой список получился такой: [5, 9, 9, 5, 4, 1, 7, 6, 8, 5]
2022-08-25 20:02:15,489 - Логер_шмогер - DEBUG - Список счастливых номеров сгенерированных функцией: [11, 12, 1, 8, 0, 6, 10, 3, 17, 17]
2022-08-25 20:02:15,489 - Логер_шмогер - INFO - Совпавшие числа: [1, 8, 6]
2022-08-25 20:02:15,489 - Логер_шмогер - INFO - Мой список получился такой: [0, 1, 0, 9, 3, 0, 6, 9, 6, 7]
2022-08-25 20:02:15,489 - Логер_шмогер - DEBUG - Список счастливых номеров сгенерированных функцией: [12, 5, 15, 9, 1, 16, 3, 10, 0, 2]
2022-08-25 20:02:15,489 - Логер_шмогер - INFO - Совпавшие числа: [9, 9, 1, 3, 0, 0, 0]
2022-08-25 20:02:15,489 - Логер_шмогер - INFO - Мой список получился такой: [2, 2, 9, 8, 4, 2, 8, 2, 3, 8]
2022-08-25 20:02:15,489 - Логер_шмогер - DEBUG - Список счастливых номеров сгенерированных функцией: [5, 8, 6, 14, 4, 7, -1, -1, 4, 7]
2022-08-25 20:02:15,489 - Логер_шмогер - INFO - Совпавшие числа: [8, 8, 8, 4, 4]
2022-08-25 20:02:15,489 - Логер_шмогер - INFO - Мой список получился такой: [6, 7, 0, 8, 3, 5, 5, 6, 2, 2]
2022-08-25 20:02:15,489 - Логер_шмогер - DEBUG - Список счастливых номеров сгенерированных функцией: [14, 16, 12, 14, 14, 2, 1, 3, 8, 0]
2022-08-25 20:02:15,489 - Логер_шмогер - INFO - Совпавшие числа: [2, 2, 3, 8, 0]
2022-08-25 20:02:15,489 - Логер_шмогер - INFO - Мой список получился такой: [7, 1, 0, 1, 0, 2, 5, 7, 9, 9]
2022-08-25 20:02:15,489 - Логер_шмогер - DEBUG - Список счастливых номеров сгенерированных функцией: [0, 13, 5, 6, 16, 5, 18, 3, 16, 0]
2022-08-25 20:02:15,489 - Логер_шмогер - INFO - Совпавшие числа: [0, 0, 5, 5, 0, 0]
2022-08-25 20:02:15,489 - Логер_шмогер - INFO - Мой список получился такой: [8, 2, 8, 2, 5, 1, 3, 7, 8, 7]
2022-08-25 20:02:15,489 - Логер_шмогер - DEBUG - Список счастливых номеров сгенерированных функцией: [3, 12, 10, 10, 1, 7, 15, 16, 2, 12]
2022-08-25 20:02:15,489 - Логер_шмогер - INFO - Совпавшие числа: [3, 1, 7, 7, 2, 2]
2022-08-25 20:02:15,489 - Логер_шмогер - INFO - Мой список получился такой: [3, 3, 8, 9, 2, 6, 3, 1, 2, 5]
2022-08-25 20:02:15,489 - Логер_шмогер - DEBUG - Список счастливых номеров сгенерированных функцией: [18, 1, 6, 18, 11, 13, 18, 9, -1, 12]
2022-08-25 20:02:15,489 - Логер_шмогер - INFO - Совпавшие числа: [1, 6, 9]
2022-08-25 20:02:15,489 - Логер_шмогер - INFO - Мой список получился такой: [2, 2, 0, 1, 5, 6, 7, 1, 5, 5]
2022-08-25 20:02:15,490 - Логер_шмогер - DEBUG - Список счастливых номеров сгенерированных функцией: [12, 14, 7, 13, 5, 5, 11, 6, 1, 7]
2022-08-25 20:02:15,490 - Логер_шмогер - INFO - Совпавшие числа: [7, 5, 5, 5, 5, 5, 5, 6, 1, 1, 7]
2022-08-25 20:02:15,490 - Логер_шмогер - INFO - Мой список получился такой: [1, 0, 1, 1, 2, 9, 7, 4, 7, 4]
2022-08-25 20:02:15,490 - Логер_шмогер - DEBUG - Список счастливых номеров сгенерированных функцией: [17, 14, 11, 16, 10, 9, 1, 0, 8, 12]
2022-08-25 20:02:15,490 - Логер_шмогер - INFO - Совпавшие числа: [9, 1, 1, 1, 0]
2022-08-25 20:02:15,490 - Логер_шмогер - INFO - Мой список получился такой: [3, 0, 0, 8, 5, 3, 0, 9, 6, 0]
2022-08-25 20:02:15,490 - Логер_шмогер - DEBUG - Список счастливых номеров сгенерированных функцией: [18, 4, 3, 12, 5, 1, 5, 16, 7, 10]
2022-08-25 20:02:15,490 - Логер_шмогер - INFO - Совпавшие числа: [3, 3, 5, 5]
2022-08-25 20:02:15,490 - Логер_шмогер - INFO - Мой список получился такой: [5, 9, 7, 3, 0, 8, 5, 5, 9, 9]
2022-08-25 20:02:15,490 - Логер_шмогер - DEBUG - Список счастливых номеров сгенерированных функцией: [6, 12, 3, 1, 3, 0, 11, 15, 12, 8]
2022-08-25 20:02:15,490 - Логер_шмогер - INFO - Совпавшие числа: [3, 3, 0, 8]
